src/history_of_vim.txt - 0 - 1970-01-01 23:59 - NULL - sha256
src/history_of_vim.txt - 1921 - 2022-09-13 10:52 - fdb4c41cef89fc020c8a8ad9f94dd2636e4f31f650008bc6709d86ab2acb4d2a - sha256
src/history_of_vim.txt - 1971 - 2022-09-13 12:23 - 524ce4ba80505b4db4cc20a4001058696a676e5197e71ef5d36e087dca632ed3  - sha256 
src/history_of_vim.txt - 1971 - 2022-09-13 18:07 - 524ce4ba80505b4db4cc20a4001058696a676e5197e71ef5d36e087dca632ed3 - sha56
src//Users/vadaqarl/T02D02-0/src/history_of_vim.txt - 1971 - 2022-09-13 18:17 - fea6434225cbbd2192bc793faad2983621e547aae15873f80b2631808e0eeaab - sha56
/Users/vadaqarl/T02D02-0/src/history_of_vim.txt - 1971 - 2022-09-13 18:22 - cf9baacc2828eb36b9c174a54c92dbd6086441501ccf5f5a00c5f1b13b41c047 - sha56
src//Users/vadaqarl/T02D02-0/src/history_of_vim.txt - 1971 - 2022-09-13 18:38 - f034d4d1374885f09cdfc409e2e0787c20b95301eb09e5c1ca9b234068bd889d - sha56
src//Users/vadaqarl/T02D02-0/src/history_of_vim.txt - 1971 - 2022-09-13 18:39 - 172581ea65c269c82ad585f42e7075b44ec2f49243dd18a0334d795e46c082cd - sha56
src//Users/vadaqarl/T02D02-0/src/history_of_vim.txt - 1971 - 2022-09-13 18:40 - 172581ea65c269c82ad585f42e7075b44ec2f49243dd18a0334d795e46c082cd - sha56
src//Users/vadaqarl/T02D02-0/src/history_of_vim.txt - 1971 - 2022-09-13 19:00 - 172581ea65c269c82ad585f42e7075b44ec2f49243dd18a0334d795e46c082cd - sha56
src//Users/vadaqarl/T02D02-0/src/history_of_vim.txt - 1971 - 2022-09-13 19:00 - 172581ea65c269c82ad585f42e7075b44ec2f49243dd18a0334d795e46c082cd - sha56
src/history_of_vim.txt - 1971 - 2022-09-13 19:09 - 172581ea65c269c82ad585f42e7075b44ec2f49243dd18a0334d795e46c082cd - sha56
src/history_of_vim.txt - 1972 - 2022-09-13 19:10 - 172581ea65c269c82ad585f42e7075b44ec2f49243dd18a0334d795e46c082cd - sha56
src/history_of_vim.txt - 1972 - 2022-09-13 19:18 - c81521467d55bce72b96e0549941aac8f66aaafa0c6518693f43073815bc20d5 - sha56
src/history_of_vim.txt - 1972 - 2022-09-13 19:18 - 5bb27110164fce4d8549971eef347c5a4c57bf267fdddc35eb480703c03d77bc - sha56
src/history_of_vim.txt - 1972 - 2022-09-13 19:50 - 5bb27110164fce4d8549971eef347c5a4c57bf267fdddc35eb480703c03d77bc - sha56
src/history_of_vim.txt - 1972 - 2022-09-13 19:57 - 5bb27110164fce4d8549971eef347c5a4c57bf267fdddc35eb480703c03d77bc - sha56
src/history_of_vim.txt - 1972 - 2022-09-13 20:00 - 5bb27110164fce4d8549971eef347c5a4c57bf267fdddc35eb480703c03d77bc - sha56
src/history_of_vim.txt - - - - sha56
src/history_of_vim.txt - 1975 - 2022-09-13 20:24 - 5bb27110164fce4d8549971eef347c5a4c57bf267fdddc35eb480703c03d77bc - sha56
src/history_of_vim.txt - - - - sha56
src/history_of_vim.txt - - - - sha56
src/history_of_vim.txt - - - - sha56
src/history_of_vim.txt - 1975 - 2022-09-13 20:48 - e19b47d45c6bcf1da08524313933c78a2652773c0d402eda6497d7bf174cfdce - sha256
src/history_of_vim.txt - 1975 - 2022-09-13 20:50 - e19b47d45c6bcf1da08524313933c78a2652773c0d402eda6497d7bf174cfdce - sha256
src/history_of_vim.txt - 1975 - 2022-09-13 20:56 - e19b47d45c6bcf1da08524313933c78a2652773c0d402eda6497d7bf174cfdce - sha256
src/history_of_vim.txt - 1975 - 2022-09-13 20:56 - e19b47d45c6bcf1da08524313933c78a2652773c0d402eda6497d7bf174cfdce - sha256
src/history_of_vim.txt - 1979 - 2022-09-13 21:01 - e19b47d45c6bcf1da08524313933c78a2652773c0d402eda6497d7bf174cfdce - sha256
src/history_of_vim.txt - - - - sha56
src/history_of_vi.txt - 1707 - 2022-09-14 07:59 - a9bce31951af8495641ed1c9f80b7135e9eccdf9fd8f5e5ea10ba2ffdec7c2d3 - sha256
src/echo 'Введите путь до файла' - - - - sha256
src/history_of_vim.txt - 1979 - 2022-09-14 08:26 - df80502a55d198988c975acf73771856614326e31fb5fe316d440058c438e300 - sha256
src/history_of_vim.txt - 1979 - 2022-09-14 08:28 - df80502a55d198988c975acf73771856614326e31fb5fe316d440058c438e300 - sha256
src/history_of_vim.txt - 1979 - 2022-09-14 08:28 - df80502a55d198988c975acf73771856614326e31fb5fe316d440058c438e300 - sha256
src/history_of_vim.txt - 1979 - 2022-09-14 08:29 - df80502a55d198988c975acf73771856614326e31fb5fe316d440058c438e300 - sha256
src/history_of_vim.txt - 1979 - 2022-09-14 08:29 - df80502a55d198988c975acf73771856614326e31fb5fe316d440058c438e300 - sha256
src/history_of_vim.txt - 1979 - 2022-09-14 08:29 - df80502a55d198988c975acf73771856614326e31fb5fe316d440058c438e300 - sha256
src/history_of_vim.txt - 1979 - 2022-09-14 08:30 - df80502a55d198988c975acf73771856614326e31fb5fe316d440058c438e300 - sha256
src/history_of_vi.txt - 1707 - 2022-09-14 08:31 - a9bce31951af8495641ed1c9f80b7135e9eccdf9fd8f5e5ea10ba2ffdec7c2d3 - sha256
src/history_of_vim.txt - 1979 - 2022-09-14 08:33 - df80502a55d198988c975acf73771856614326e31fb5fe316d440058c438e300 - sha256
src/history_of_vim.txt - 1979 - 2022-09-14 08:34 - df80502a55d198988c975acf73771856614326e31fb5fe316d440058c438e300 - sha256
src/history_of_vim.txt - 1979 - 2022-09-14 08:35 - df80502a55d198988c975acf73771856614326e31fb5fe316d440058c438e300 - sha256
src/history_of_vim.txt - 1979 - 2022-09-14 08:39 - df80502a55d198988c975acf73771856614326e31fb5fe316d440058c438e300 - sha256
src/history_of_vim.txt - 1979 - 2022-09-14 08:42 - df80502a55d198988c975acf73771856614326e31fb5fe316d440058c438e300 - sha256
src/history_of_vim.txt - 1979 - 2022-09-14 08:43 - ca6c52d48108a099f740175c6aa1d099795fbf70984b5d1a56f7a7b34d55c83a - sha256
src/history_of_vim.txt - 1979 - 2022-09-14 08:43 - ca6c52d48108a099f740175c6aa1d099795fbf70984b5d1a56f7a7b34d55c83a - sha256
src/history_of_vim.txt - 1979 - 2022-09-14 08:50 - ca6c52d48108a099f740175c6aa1d099795fbf70984b5d1a56f7a7b34d55c83a - sha256
src/history_of_vim.txt - 1979 - 2022-09-14 08:55 - fc0a0bc08829c2ed07bb1af8f4308ac5e283dbf9798c4951f1a91a2b3d2e6c61 - sha256
src/history_of_vi.txt - 1707 - 2022-09-14 08:31 - a9bce31951af8495641ed1c9f80b7135e9eccdf9fd8f5e5ea10ba2ffdec7c2d3 - sha256
src/history_of_vi.txt - 1707 - 2022-09-14 08:31 - a9bce31951af8495641ed1c9f80b7135e9eccdf9fd8f5e5ea10ba2ffdec7c2d3 - sha256
src/history_of_vi.txt - 1707 - 2022-09-14 08:31 - a9bce31951af8495641ed1c9f80b7135e9eccdf9fd8f5e5ea10ba2ffdec7c2d3 - sha256
src/history_of_vi.txt - 1707 - 2022-09-14 08:31 - a9bce31951af8495641ed1c9f80b7135e9eccdf9fd8f5e5ea10ba2ffdec7c2d3 - sha256
src/history_of_vi.txt - 1707 - 2022-09-14 08:31 - a9bce31951af8495641ed1c9f80b7135e9eccdf9fd8f5e5ea10ba2ffdec7c2d3 - sha256
src/history_of_vi.txt - 1707 - 2022-09-14 08:31 - a9bce31951af8495641ed1c9f80b7135e9eccdf9fd8f5e5ea10ba2ffdec7c2d3 - sha256
src/history_of_vi.txt - 1707 - 2022-09-14 08:31 - a9bce31951af8495641ed1c9f80b7135e9eccdf9fd8f5e5ea10ba2ffdec7c2d3 - sha256
src/history_of_vi.txt - 1643 - 2022-09-14 11:28 - a9bce31951af8495641ed1c9f80b7135e9eccdf9fd8f5e5ea10ba2ffdec7c2d3 - sha256
src/history_of_vi.txt - 1631 - 2022-09-14 11:29 - 30306d7bf329ca4c768dd6ad95256608bf7073390b24c40d9123c384027b5daa - sha256
